----------------------------------------------------------------------------
Open MPI has detected that a parameter given to a command line
option does not match the expected format:

  Option: n
  Param:  -host

This is frequently caused by omitting to provide the parameter
to an option that requires one. Please check the command line and try again.
----------------------------------------------------------------------------
cp: error writing ‘/rcfs/projects/datamesh/tang584/experiments/ior_bench/iortest_5gb/shared/reverse_5gb_testfile_trial2_ntask2.bin.00000000’: Remote I/O error
cp: failed to extend ‘/rcfs/projects/datamesh/tang584/experiments/ior_bench/iortest_5gb/shared/reverse_5gb_testfile_trial2_ntask2.bin.00000000’: Remote I/O error
cp: error writing ‘/rcfs/projects/datamesh/tang584/experiments/ior_bench/iortest_5gb/shared/reverse_5gb_testfile_trial3_ntask2.bin.00000000’: Remote I/O error
cp: failed to extend ‘/rcfs/projects/datamesh/tang584/experiments/ior_bench/iortest_5gb/shared/reverse_5gb_testfile_trial3_ntask2.bin.00000000’: Remote I/O error
cp: error writing ‘/rcfs/projects/datamesh/tang584/experiments/ior_bench/iortest_50gb/shared/reverse_50gb_testfile_trial1_ntask2.bin.00000001’cp: error writing ‘/rcfs/projects/datamesh/tang584/experiments/ior_bench/iortest_50gb/shared/reverse_50gb_testfile_trial1_ntask2.bin.00000000’: Remote I/O error: Remote I/O error

cp: cp: failed to extend ‘/rcfs/projects/datamesh/tang584/experiments/ior_bench/iortest_50gb/shared/reverse_50gb_testfile_trial1_ntask2.bin.00000001’failed to extend ‘/rcfs/projects/datamesh/tang584/experiments/ior_bench/iortest_50gb/shared/reverse_50gb_testfile_trial1_ntask2.bin.00000000’: Remote I/O error: Remote I/O error

cp: error writing ‘/rcfs/projects/datamesh/tang584/experiments/ior_bench/iortest_50gb/shared/reverse_50gb_testfile_trial1_ntask4.bin.00000002’: Remote I/O error
cp: failed to extend ‘/rcfs/projects/datamesh/tang584/experiments/ior_bench/iortest_50gb/shared/reverse_50gb_testfile_trial1_ntask4.bin.00000002’: Remote I/O error
cp: error writing ‘/rcfs/projects/datamesh/tang584/experiments/ior_bench/iortest_50gb/shared/reverse_50gb_testfile_trial1_ntask4.bin.00000001’: Remote I/O error
cp: failed to extend ‘/rcfs/projects/datamesh/tang584/experiments/ior_bench/iortest_50gb/shared/reverse_50gb_testfile_trial1_ntask4.bin.00000001’: Remote I/O error
cp: error writing ‘/rcfs/projects/datamesh/tang584/experiments/ior_bench/iortest_50gb/shared/reverse_50gb_testfile_trial2_ntask8.bin.00000000’cp: error writing ‘/rcfs/projects/datamesh/tang584/experiments/ior_bench/iortest_50gb/shared/reverse_50gb_testfile_trial2_ntask8.bin.00000005’cp: : Remote I/O errorerror writing ‘/rcfs/projects/datamesh/tang584/experiments/ior_bench/iortest_50gb/shared/reverse_50gb_testfile_trial2_ntask8.bin.00000003’
: Remote I/O error
cp: failed to extend ‘/rcfs/projects/datamesh/tang584/experiments/ior_bench/iortest_50gb/shared/reverse_50gb_testfile_trial2_ntask8.bin.00000000’: Remote I/O errorcp: 
failed to extend ‘/rcfs/projects/datamesh/tang584/experiments/ior_bench/iortest_50gb/shared/reverse_50gb_testfile_trial2_ntask8.bin.00000005’: Remote I/O error: Remote I/O error

cp: failed to extend ‘/rcfs/projects/datamesh/tang584/experiments/ior_bench/iortest_50gb/shared/reverse_50gb_testfile_trial2_ntask8.bin.00000003’: Remote I/O error
cp: error writing ‘/rcfs/projects/datamesh/tang584/experiments/ior_bench/iortest_50gb/shared/reverse_50gb_testfile_trial2_ntask8.bin.00000004’: Remote I/O error
cp: failed to extend ‘/rcfs/projects/datamesh/tang584/experiments/ior_bench/iortest_50gb/shared/reverse_50gb_testfile_trial2_ntask8.bin.00000004’: Remote I/O error
cp: error writing ‘/rcfs/projects/datamesh/tang584/experiments/ior_bench/iortest_50gb/shared/reverse_50gb_testfile_trial2_ntask8.bin.00000006’: Remote I/O error
cp: failed to extend ‘/rcfs/projects/datamesh/tang584/experiments/ior_bench/iortest_50gb/shared/reverse_50gb_testfile_trial2_ntask8.bin.00000006’: Remote I/O error
cp: error writing ‘/rcfs/projects/datamesh/tang584/experiments/ior_bench/iortest_50gb/shared/reverse_50gb_testfile_trial3_ntask2.bin.00000000’cp: error writing ‘/rcfs/projects/datamesh/tang584/experiments/ior_bench/iortest_50gb/shared/reverse_50gb_testfile_trial3_ntask2.bin.00000001’: Remote I/O error: Remote I/O error

cp: cp: failed to extend ‘/rcfs/projects/datamesh/tang584/experiments/ior_bench/iortest_50gb/shared/reverse_50gb_testfile_trial3_ntask2.bin.00000001’failed to extend ‘/rcfs/projects/datamesh/tang584/experiments/ior_bench/iortest_50gb/shared/reverse_50gb_testfile_trial3_ntask2.bin.00000000’: Remote I/O error: Remote I/O error

cp: error writing ‘/rcfs/projects/datamesh/tang584/experiments/ior_bench/iortest_50gb/shared/reverse_50gb_testfile_trial3_ntask4.bin.00000000’cp: : Remote I/O errorerror writing ‘/rcfs/projects/datamesh/tang584/experiments/ior_bench/iortest_50gb/shared/reverse_50gb_testfile_trial3_ntask4.bin.00000002’
cp: failed to extend ‘/rcfs/projects/datamesh/tang584/experiments/ior_bench/iortest_50gb/shared/reverse_50gb_testfile_trial3_ntask4.bin.00000000’: Remote I/O error
: Remote I/O error
cp: failed to extend ‘/rcfs/projects/datamesh/tang584/experiments/ior_bench/iortest_50gb/shared/reverse_50gb_testfile_trial3_ntask4.bin.00000002’: Remote I/O error
cp: error writing ‘/rcfs/projects/datamesh/tang584/experiments/ior_bench/iortest_50gb/shared/reverse_50gb_testfile_trial3_ntask16.bin.00000011’: Remote I/O error
cp: failed to extend ‘/rcfs/projects/datamesh/tang584/experiments/ior_bench/iortest_50gb/shared/reverse_50gb_testfile_trial3_ntask16.bin.00000011’: Remote I/O error
cp: error writing ‘/rcfs/projects/datamesh/tang584/experiments/ior_bench/iortest_50gb/shared/reverse_50gb_testfile_trial3_ntask16.bin.00000013’: Remote I/O error
cp: failed to extend ‘/rcfs/projects/datamesh/tang584/experiments/ior_bench/iortest_50gb/shared/reverse_50gb_testfile_trial3_ntask16.bin.00000013’: Remote I/O error
cp: error writing ‘/rcfs/projects/datamesh/tang584/experiments/ior_bench/iortest_50gb/shared/reverse_50gb_testfile_trial3_ntask16.bin.00000015’: Remote I/O error
cp: failed to extend ‘/rcfs/projects/datamesh/tang584/experiments/ior_bench/iortest_50gb/shared/reverse_50gb_testfile_trial3_ntask16.bin.00000015’: Remote I/O error
cp: error writing ‘/rcfs/projects/datamesh/tang584/experiments/ior_bench/iortest_50gb/shared/reverse_50gb_testfile_trial3_ntask128.bin.00000007’cp: error writing ‘/rcfs/projects/datamesh/tang584/experiments/ior_bench/iortest_50gb/shared/reverse_50gb_testfile_trial3_ntask128.bin.00000024’: Remote I/O error
cp: failed to extend ‘/rcfs/projects/datamesh/tang584/experiments/ior_bench/iortest_50gb/shared/reverse_50gb_testfile_trial3_ntask128.bin.00000007’: Remote I/O error
: Remote I/O error
cp: failed to extend ‘/rcfs/projects/datamesh/tang584/experiments/ior_bench/iortest_50gb/shared/reverse_50gb_testfile_trial3_ntask128.bin.00000024’: Remote I/O error
cp: error writing ‘/rcfs/projects/datamesh/tang584/experiments/ior_bench/iortest_50gb/shared/reverse_50gb_testfile_trial3_ntask128.bin.00000078’: Remote I/O error
cp: failed to extend ‘/rcfs/projects/datamesh/tang584/experiments/ior_bench/iortest_50gb/shared/reverse_50gb_testfile_trial3_ntask128.bin.00000078’: Remote I/O error
cp: error writing ‘/rcfs/projects/datamesh/tang584/experiments/ior_bench/iortest_50gb/shared/reverse_50gb_testfile_trial3_ntask128.bin.00000107’: Remote I/O error
cp: failed to extend ‘/rcfs/projects/datamesh/tang584/experiments/ior_bench/iortest_50gb/shared/reverse_50gb_testfile_trial3_ntask128.bin.00000107’: Remote I/O error
cp: error writing ‘/rcfs/projects/datamesh/tang584/experiments/ior_bench/iortest_50gb/shared/reverse_50gb_testfile_trial3_ntask128.bin.00000041’: Remote I/O error
cp: failed to extend ‘/rcfs/projects/datamesh/tang584/experiments/ior_bench/iortest_50gb/shared/reverse_50gb_testfile_trial3_ntask128.bin.00000041’: Remote I/O error
cp: cp: error writing ‘/rcfs/projects/datamesh/tang584/experiments/ior_bench/iortest_50gb/shared/reverse_50gb_testfile_trial3_ntask128.bin.00000124’error writing ‘/rcfs/projects/datamesh/tang584/experiments/ior_bench/iortest_50gb/shared/reverse_50gb_testfile_trial3_ntask128.bin.00000031’cp: : Remote I/O error: Remote I/O errorerror writing ‘/rcfs/projects/datamesh/tang584/experiments/ior_bench/iortest_50gb/shared/reverse_50gb_testfile_trial3_ntask128.bin.00000014’

cp: cp: failed to extend ‘/rcfs/projects/datamesh/tang584/experiments/ior_bench/iortest_50gb/shared/reverse_50gb_testfile_trial3_ntask128.bin.00000124’failed to extend ‘/rcfs/projects/datamesh/tang584/experiments/ior_bench/iortest_50gb/shared/reverse_50gb_testfile_trial3_ntask128.bin.00000031’: Remote I/O error: Remote I/O error

: Remote I/O error
cp: failed to extend ‘/rcfs/projects/datamesh/tang584/experiments/ior_bench/iortest_50gb/shared/reverse_50gb_testfile_trial3_ntask128.bin.00000014’: Remote I/O error
cp: error writing ‘/rcfs/projects/datamesh/tang584/experiments/ior_bench/iortest_50gb/shared/reverse_50gb_testfile_trial3_ntask128.bin.00000105’: Remote I/O error
cp: failed to extend ‘/rcfs/projects/datamesh/tang584/experiments/ior_bench/iortest_50gb/shared/reverse_50gb_testfile_trial3_ntask128.bin.00000105’: Remote I/O error
cp: error writing ‘/rcfs/projects/datamesh/tang584/experiments/ior_bench/iortest_50gb/shared/reverse_50gb_testfile_trial3_ntask128.bin.00000062’: Remote I/O error
cp: failed to extend ‘/rcfs/projects/datamesh/tang584/experiments/ior_bench/iortest_50gb/shared/reverse_50gb_testfile_trial3_ntask128.bin.00000062’: Remote I/O error
cp: error writing ‘/rcfs/projects/datamesh/tang584/experiments/ior_bench/iortest_50gb/shared/reverse_50gb_testfile_trial3_ntask128.bin.00000047’: Remote I/O error
cp: failed to extend ‘/rcfs/projects/datamesh/tang584/experiments/ior_bench/iortest_50gb/shared/reverse_50gb_testfile_trial3_ntask128.bin.00000047’: Remote I/O error
cp: error writing ‘/rcfs/projects/datamesh/tang584/experiments/ior_bench/iortest_50gb/shared/reverse_50gb_testfile_trial3_ntask128.bin.00000029’: Remote I/O error
cp: failed to extend ‘/rcfs/projects/datamesh/tang584/experiments/ior_bench/iortest_50gb/shared/reverse_50gb_testfile_trial3_ntask128.bin.00000029’: Remote I/O error
cp: error writing ‘/rcfs/projects/datamesh/tang584/experiments/ior_bench/iortest_50gb/shared/reverse_50gb_testfile_trial3_ntask128.bin.00000050’: Remote I/O error
cp: failed to extend ‘/rcfs/projects/datamesh/tang584/experiments/ior_bench/iortest_50gb/shared/reverse_50gb_testfile_trial3_ntask128.bin.00000050’: Remote I/O error
cp: error writing ‘/rcfs/projects/datamesh/tang584/experiments/ior_bench/iortest_50gb/shared/reverse_50gb_testfile_trial3_ntask128.bin.00000035’: Remote I/O error
cp: failed to extend ‘/rcfs/projects/datamesh/tang584/experiments/ior_bench/iortest_50gb/shared/reverse_50gb_testfile_trial3_ntask128.bin.00000035’: Remote I/O error
cp: error writing ‘/rcfs/projects/datamesh/tang584/experiments/ior_bench/iortest_50gb/shared/reverse_50gb_testfile_trial3_ntask128.bin.00000013’: Remote I/O error
cp: failed to extend ‘/rcfs/projects/datamesh/tang584/experiments/ior_bench/iortest_50gb/shared/reverse_50gb_testfile_trial3_ntask128.bin.00000013’: Remote I/O error
cp: error writing ‘/rcfs/projects/datamesh/tang584/experiments/ior_bench/iortest_50gb/shared/reverse_50gb_testfile_trial3_ntask128.bin.00000084’: Remote I/O error
cp: failed to extend ‘/rcfs/projects/datamesh/tang584/experiments/ior_bench/iortest_50gb/shared/reverse_50gb_testfile_trial3_ntask128.bin.00000084’: Remote I/O error
cp: error writing ‘/rcfs/projects/datamesh/tang584/experiments/ior_bench/iortest_50gb/shared/reverse_50gb_testfile_trial3_ntask128.bin.00000073’: Remote I/O error
cp: failed to extend ‘/rcfs/projects/datamesh/tang584/experiments/ior_bench/iortest_50gb/shared/reverse_50gb_testfile_trial3_ntask128.bin.00000073’: Remote I/O error
cp: error writing ‘/rcfs/projects/datamesh/tang584/experiments/ior_bench/iortest_50gb/shared/reverse_50gb_testfile_trial3_ntask128.bin.00000087’: Remote I/O error
cp: failed to extend ‘/rcfs/projects/datamesh/tang584/experiments/ior_bench/iortest_50gb/shared/reverse_50gb_testfile_trial3_ntask128.bin.00000087’: Remote I/O error
cp: error writing ‘/rcfs/projects/datamesh/tang584/experiments/ior_bench/iortest_50gb/shared/reverse_50gb_testfile_trial3_ntask128.bin.00000077’: Remote I/O error
cp: failed to extend ‘/rcfs/projects/datamesh/tang584/experiments/ior_bench/iortest_50gb/shared/reverse_50gb_testfile_trial3_ntask128.bin.00000077’: Remote I/O error
cp: error writing ‘/rcfs/projects/datamesh/tang584/experiments/ior_bench/iortest_50gb/shared/reverse_50gb_testfile_trial3_ntask128.bin.00000033’: Remote I/O error
cp: failed to extend ‘/rcfs/projects/datamesh/tang584/experiments/ior_bench/iortest_50gb/shared/reverse_50gb_testfile_trial3_ntask128.bin.00000033’: Remote I/O error
cp: error writing ‘/rcfs/projects/datamesh/tang584/experiments/ior_bench/iortest_50gb/shared/reverse_50gb_testfile_trial3_ntask128.bin.00000026’: Remote I/O error
cp: failed to extend ‘/rcfs/projects/datamesh/tang584/experiments/ior_bench/iortest_50gb/shared/reverse_50gb_testfile_trial3_ntask128.bin.00000026’: Remote I/O error
cp: error writing ‘/rcfs/projects/datamesh/tang584/experiments/ior_bench/iortest_50gb/shared/reverse_50gb_testfile_trial3_ntask128.bin.00000069’cp: : Remote I/O error
error writing ‘/rcfs/projects/datamesh/tang584/experiments/ior_bench/iortest_50gb/shared/reverse_50gb_testfile_trial3_ntask128.bin.00000019’cp: cp: failed to extend ‘/rcfs/projects/datamesh/tang584/experiments/ior_bench/iortest_50gb/shared/reverse_50gb_testfile_trial3_ntask128.bin.00000069’error writing ‘/rcfs/projects/datamesh/tang584/experiments/ior_bench/iortest_50gb/shared/reverse_50gb_testfile_trial3_ntask128.bin.00000055’: Remote I/O error
: Remote I/O error
cp: failed to extend ‘/rcfs/projects/datamesh/tang584/experiments/ior_bench/iortest_50gb/shared/reverse_50gb_testfile_trial3_ntask128.bin.00000019’: Remote I/O error
: Remote I/O error
cp: failed to extend ‘/rcfs/projects/datamesh/tang584/experiments/ior_bench/iortest_50gb/shared/reverse_50gb_testfile_trial3_ntask128.bin.00000055’: Remote I/O error
cp: error writing ‘/rcfs/projects/datamesh/tang584/experiments/ior_bench/iortest_50gb/shared/reverse_50gb_testfile_trial3_ntask128.bin.00000023’: Remote I/O error
cp: failed to extend ‘/rcfs/projects/datamesh/tang584/experiments/ior_bench/iortest_50gb/shared/reverse_50gb_testfile_trial3_ntask128.bin.00000023’: Remote I/O error
cp: error writing ‘/rcfs/projects/datamesh/tang584/experiments/ior_bench/iortest_50gb/shared/reverse_50gb_testfile_trial3_ntask128.bin.00000036’: Remote I/O error
cp: failed to extend ‘/rcfs/projects/datamesh/tang584/experiments/ior_bench/iortest_50gb/shared/reverse_50gb_testfile_trial3_ntask128.bin.00000036’: Remote I/O error
cp: error writing ‘/rcfs/projects/datamesh/tang584/experiments/ior_bench/iortest_50gb/shared/reverse_50gb_testfile_trial3_ntask128.bin.00000118’: Remote I/O error
cp: failed to extend ‘/rcfs/projects/datamesh/tang584/experiments/ior_bench/iortest_50gb/shared/reverse_50gb_testfile_trial3_ntask128.bin.00000118’: Remote I/O error
cp: error writing ‘/rcfs/projects/datamesh/tang584/experiments/ior_bench/iortest_50gb/shared/reverse_50gb_testfile_trial3_ntask128.bin.00000117’: Remote I/O error
cp: failed to extend ‘/rcfs/projects/datamesh/tang584/experiments/ior_bench/iortest_50gb/shared/reverse_50gb_testfile_trial3_ntask128.bin.00000117’: Remote I/O error
cp: error writing ‘/rcfs/projects/datamesh/tang584/experiments/ior_bench/iortest_50gb/shared/reverse_50gb_testfile_trial3_ntask128.bin.00000097’: Remote I/O error
cp: failed to extend ‘/rcfs/projects/datamesh/tang584/experiments/ior_bench/iortest_50gb/shared/reverse_50gb_testfile_trial3_ntask128.bin.00000097’: Remote I/O error
cp: error writing ‘/rcfs/projects/datamesh/tang584/experiments/ior_bench/iortest_50gb/shared/reverse_50gb_testfile_trial3_ntask128.bin.00000044’: Remote I/O error
cp: failed to extend ‘/rcfs/projects/datamesh/tang584/experiments/ior_bench/iortest_50gb/shared/reverse_50gb_testfile_trial3_ntask128.bin.00000044’: Remote I/O error
cp: error writing ‘/rcfs/projects/datamesh/tang584/experiments/ior_bench/iortest_50gb/shared/reverse_50gb_testfile_trial3_ntask128.bin.00000012’: Remote I/O error
cp: failed to extend ‘/rcfs/projects/datamesh/tang584/experiments/ior_bench/iortest_50gb/shared/reverse_50gb_testfile_trial3_ntask128.bin.00000012’: Remote I/O error
cp: error writing ‘/rcfs/projects/datamesh/tang584/experiments/ior_bench/iortest_50gb/shared/reverse_50gb_testfile_trial3_ntask128.bin.00000106’: Remote I/O error
cp: failed to extend ‘/rcfs/projects/datamesh/tang584/experiments/ior_bench/iortest_50gb/shared/reverse_50gb_testfile_trial3_ntask128.bin.00000106’: Remote I/O error
cp: error writing ‘/rcfs/projects/datamesh/tang584/experiments/ior_bench/iortest_50gb/shared/reverse_50gb_testfile_trial3_ntask128.bin.00000094’: Remote I/O error
cp: failed to extend ‘/rcfs/projects/datamesh/tang584/experiments/ior_bench/iortest_50gb/shared/reverse_50gb_testfile_trial3_ntask128.bin.00000094’: Remote I/O error
cp: error writing ‘/rcfs/projects/datamesh/tang584/experiments/ior_bench/iortest_50gb/shared/reverse_50gb_testfile_trial3_ntask128.bin.00000101’: Remote I/O error
cp: failed to extend ‘/rcfs/projects/datamesh/tang584/experiments/ior_bench/iortest_50gb/shared/reverse_50gb_testfile_trial3_ntask128.bin.00000101’: Remote I/O error
cp: error writing ‘/rcfs/projects/datamesh/tang584/experiments/ior_bench/iortest_50gb/shared/reverse_50gb_testfile_trial3_ntask128.bin.00000046’: Remote I/O error
cp: failed to extend ‘/rcfs/projects/datamesh/tang584/experiments/ior_bench/iortest_50gb/shared/reverse_50gb_testfile_trial3_ntask128.bin.00000046’: Remote I/O error
cp: error writing ‘/rcfs/projects/datamesh/tang584/experiments/ior_bench/iortest_50gb/shared/reverse_50gb_testfile_trial3_ntask128.bin.00000085’: Remote I/O error
cp: failed to extend ‘/rcfs/projects/datamesh/tang584/experiments/ior_bench/iortest_50gb/shared/reverse_50gb_testfile_trial3_ntask128.bin.00000085’: Remote I/O error
cp: error writing ‘/rcfs/projects/datamesh/tang584/experiments/ior_bench/iortest_50gb/shared/reverse_50gb_testfile_trial3_ntask128.bin.00000110’: Remote I/O error
cp: failed to extend ‘/rcfs/projects/datamesh/tang584/experiments/ior_bench/iortest_50gb/shared/reverse_50gb_testfile_trial3_ntask128.bin.00000110’: Remote I/O error
cp: error writing ‘/rcfs/projects/datamesh/tang584/experiments/ior_bench/iortest_50gb/shared/reverse_50gb_testfile_trial3_ntask128.bin.00000114’: Remote I/O error
cp: failed to extend ‘/rcfs/projects/datamesh/tang584/experiments/ior_bench/iortest_50gb/shared/reverse_50gb_testfile_trial3_ntask128.bin.00000114’: Remote I/O error
cp: error writing ‘/rcfs/projects/datamesh/tang584/experiments/ior_bench/iortest_50gb/shared/reverse_50gb_testfile_trial3_ntask128.bin.00000060’cp: error writing ‘/rcfs/projects/datamesh/tang584/experiments/ior_bench/iortest_50gb/shared/reverse_50gb_testfile_trial3_ntask128.bin.00000049’: Remote I/O error
: Remote I/O errorcp: 
failed to extend ‘/rcfs/projects/datamesh/tang584/experiments/ior_bench/iortest_50gb/shared/reverse_50gb_testfile_trial3_ntask128.bin.00000060’: Remote I/O error
cp: failed to extend ‘/rcfs/projects/datamesh/tang584/experiments/ior_bench/iortest_50gb/shared/reverse_50gb_testfile_trial3_ntask128.bin.00000049’: Remote I/O error
cp: error writing ‘/rcfs/projects/datamesh/tang584/experiments/ior_bench/iortest_50gb/shared/reverse_50gb_testfile_trial3_ntask128.bin.00000017’: Remote I/O error
cp: failed to extend ‘/rcfs/projects/datamesh/tang584/experiments/ior_bench/iortest_50gb/shared/reverse_50gb_testfile_trial3_ntask128.bin.00000017’: Remote I/O error
cp: error writing ‘/rcfs/projects/datamesh/tang584/experiments/ior_bench/iortest_50gb/shared/reverse_50gb_testfile_trial3_ntask128.bin.00000127’: Remote I/O error
cp: failed to extend ‘/rcfs/projects/datamesh/tang584/experiments/ior_bench/iortest_50gb/shared/reverse_50gb_testfile_trial3_ntask128.bin.00000127’: Remote I/O error
cp: error writing ‘/rcfs/projects/datamesh/tang584/experiments/ior_bench/iortest_50gb/shared/reverse_50gb_testfile_trial3_ntask128.bin.00000109’: Remote I/O error
cp: failed to extend ‘/rcfs/projects/datamesh/tang584/experiments/ior_bench/iortest_50gb/shared/reverse_50gb_testfile_trial3_ntask128.bin.00000109’: Remote I/O error
cp: error writing ‘/rcfs/projects/datamesh/tang584/experiments/ior_bench/iortest_50gb/shared/reverse_50gb_testfile_trial3_ntask128.bin.00000030’: Remote I/O error
cp: failed to extend ‘/rcfs/projects/datamesh/tang584/experiments/ior_bench/iortest_50gb/shared/reverse_50gb_testfile_trial3_ntask128.bin.00000030’: Remote I/O error
cp: error writing ‘/rcfs/projects/datamesh/tang584/experiments/ior_bench/iortest_50gb/shared/reverse_50gb_testfile_trial3_ntask128.bin.00000125’: Remote I/O error
cp: failed to extend ‘/rcfs/projects/datamesh/tang584/experiments/ior_bench/iortest_50gb/shared/reverse_50gb_testfile_trial3_ntask128.bin.00000125’: Remote I/O error
cp: error writing ‘/rcfs/projects/datamesh/tang584/experiments/ior_bench/iortest_50gb/shared/reverse_50gb_testfile_trial3_ntask128.bin.00000042’cp: : Remote I/O errorerror writing ‘/rcfs/projects/datamesh/tang584/experiments/ior_bench/iortest_50gb/shared/reverse_50gb_testfile_trial3_ntask128.bin.00000071’
cp: failed to extend ‘/rcfs/projects/datamesh/tang584/experiments/ior_bench/iortest_50gb/shared/reverse_50gb_testfile_trial3_ntask128.bin.00000042’: Remote I/O error
: Remote I/O error
cp: failed to extend ‘/rcfs/projects/datamesh/tang584/experiments/ior_bench/iortest_50gb/shared/reverse_50gb_testfile_trial3_ntask128.bin.00000071’: Remote I/O error
cp: error writing ‘/rcfs/projects/datamesh/tang584/experiments/ior_bench/iortest_50gb/shared/reverse_50gb_testfile_trial3_ntask128.bin.00000123’cp: error writing ‘/rcfs/projects/datamesh/tang584/experiments/ior_bench/iortest_50gb/shared/reverse_50gb_testfile_trial3_ntask128.bin.00000075’: Remote I/O error
: Remote I/O errorcp: 
failed to extend ‘/rcfs/projects/datamesh/tang584/experiments/ior_bench/iortest_50gb/shared/reverse_50gb_testfile_trial3_ntask128.bin.00000123’: Remote I/O errorcp: 
failed to extend ‘/rcfs/projects/datamesh/tang584/experiments/ior_bench/iortest_50gb/shared/reverse_50gb_testfile_trial3_ntask128.bin.00000075’: Remote I/O error
cp: error writing ‘/rcfs/projects/datamesh/tang584/experiments/ior_bench/iortest_50gb/shared/reverse_50gb_testfile_trial3_ntask128.bin.00000104’cp: : Remote I/O error
error writing ‘/rcfs/projects/datamesh/tang584/experiments/ior_bench/iortest_50gb/shared/reverse_50gb_testfile_trial3_ntask128.bin.00000099’cp: cp: failed to extend ‘/rcfs/projects/datamesh/tang584/experiments/ior_bench/iortest_50gb/shared/reverse_50gb_testfile_trial3_ntask128.bin.00000104’cp: error writing ‘/rcfs/projects/datamesh/tang584/experiments/ior_bench/iortest_50gb/shared/reverse_50gb_testfile_trial3_ntask128.bin.00000092’: Remote I/O errorerror writing ‘/rcfs/projects/datamesh/tang584/experiments/ior_bench/iortest_50gb/shared/reverse_50gb_testfile_trial3_ntask128.bin.00000086’
: Remote I/O error
cp: failed to extend ‘/rcfs/projects/datamesh/tang584/experiments/ior_bench/iortest_50gb/shared/reverse_50gb_testfile_trial3_ntask128.bin.00000099’: Remote I/O error: Remote I/O error
: Remote I/O error
cp: 
failed to extend ‘/rcfs/projects/datamesh/tang584/experiments/ior_bench/iortest_50gb/shared/reverse_50gb_testfile_trial3_ntask128.bin.00000086’: Remote I/O error
cp: failed to extend ‘/rcfs/projects/datamesh/tang584/experiments/ior_bench/iortest_50gb/shared/reverse_50gb_testfile_trial3_ntask128.bin.00000092’: Remote I/O error
