----------------------------------------------------------------------------
Open MPI has detected that a parameter given to a command line
option does not match the expected format:

  Option: n
  Param:  -host

This is frequently caused by omitting to provide the parameter
to an option that requires one. Please check the command line and try again.
----------------------------------------------------------------------------
cp: error writing ‘/rcfs/projects/datamesh/tang584/experiments/ior_bench/iortest_50gb/shared/reverse_50gb_testfile_trial1_ntask2.bin.00000001’: Remote I/O error
cp: failed to extend ‘/rcfs/projects/datamesh/tang584/experiments/ior_bench/iortest_50gb/shared/reverse_50gb_testfile_trial1_ntask2.bin.00000001’: Remote I/O error
cp: error writing ‘/rcfs/projects/datamesh/tang584/experiments/ior_bench/iortest_50gb/shared/reverse_50gb_testfile_trial1_ntask4.bin.00000001’: Remote I/O error
cp: failed to extend ‘/rcfs/projects/datamesh/tang584/experiments/ior_bench/iortest_50gb/shared/reverse_50gb_testfile_trial1_ntask4.bin.00000001’: Remote I/O error
cp: error writing ‘/rcfs/projects/datamesh/tang584/experiments/ior_bench/iortest_50gb/shared/reverse_50gb_testfile_trial1_ntask128.bin.00000082’: Remote I/O error
cp: failed to extend ‘/rcfs/projects/datamesh/tang584/experiments/ior_bench/iortest_50gb/shared/reverse_50gb_testfile_trial1_ntask128.bin.00000082’: Remote I/O error
cp: error writing ‘/rcfs/projects/datamesh/tang584/experiments/ior_bench/iortest_50gb/shared/reverse_50gb_testfile_trial1_ntask128.bin.00000000’: Remote I/O error
cp: failed to extend ‘/rcfs/projects/datamesh/tang584/experiments/ior_bench/iortest_50gb/shared/reverse_50gb_testfile_trial1_ntask128.bin.00000000’: Remote I/O error
cp: error writing ‘/rcfs/projects/datamesh/tang584/experiments/ior_bench/iortest_50gb/shared/reverse_50gb_testfile_trial1_ntask128.bin.00000100’: Remote I/O error
cp: failed to extend ‘/rcfs/projects/datamesh/tang584/experiments/ior_bench/iortest_50gb/shared/reverse_50gb_testfile_trial1_ntask128.bin.00000100’: Remote I/O error
cp: error writing ‘/rcfs/projects/datamesh/tang584/experiments/ior_bench/iortest_50gb/shared/reverse_50gb_testfile_trial1_ntask128.bin.00000008’: Remote I/O error
cp: failed to extend ‘/rcfs/projects/datamesh/tang584/experiments/ior_bench/iortest_50gb/shared/reverse_50gb_testfile_trial1_ntask128.bin.00000008’: Remote I/O error
cp: error writing ‘/rcfs/projects/datamesh/tang584/experiments/ior_bench/iortest_50gb/shared/reverse_50gb_testfile_trial1_ntask128.bin.00000086’cp: error writing ‘/rcfs/projects/datamesh/tang584/experiments/ior_bench/iortest_50gb/shared/reverse_50gb_testfile_trial1_ntask128.bin.00000025’: Remote I/O error
cp: failed to extend ‘/rcfs/projects/datamesh/tang584/experiments/ior_bench/iortest_50gb/shared/reverse_50gb_testfile_trial1_ntask128.bin.00000086’: Remote I/O error
: Remote I/O error
cp: failed to extend ‘/rcfs/projects/datamesh/tang584/experiments/ior_bench/iortest_50gb/shared/reverse_50gb_testfile_trial1_ntask128.bin.00000025’: Remote I/O error
cp: error writing ‘/rcfs/projects/datamesh/tang584/experiments/ior_bench/iortest_50gb/shared/reverse_50gb_testfile_trial1_ntask128.bin.00000076’: Remote I/O error
cp: failed to extend ‘/rcfs/projects/datamesh/tang584/experiments/ior_bench/iortest_50gb/shared/reverse_50gb_testfile_trial1_ntask128.bin.00000076’: Remote I/O error
cp: error writing ‘/rcfs/projects/datamesh/tang584/experiments/ior_bench/iortest_50gb/shared/reverse_50gb_testfile_trial1_ntask128.bin.00000094’: Remote I/O error
cp: failed to extend ‘/rcfs/projects/datamesh/tang584/experiments/ior_bench/iortest_50gb/shared/reverse_50gb_testfile_trial1_ntask128.bin.00000094’: Remote I/O error
cp: error writing ‘/rcfs/projects/datamesh/tang584/experiments/ior_bench/iortest_50gb/shared/reverse_50gb_testfile_trial1_ntask128.bin.00000109’: Remote I/O error
cp: failed to extend ‘/rcfs/projects/datamesh/tang584/experiments/ior_bench/iortest_50gb/shared/reverse_50gb_testfile_trial1_ntask128.bin.00000109’: Remote I/O error
cp: error writing ‘/rcfs/projects/datamesh/tang584/experiments/ior_bench/iortest_50gb/shared/reverse_50gb_testfile_trial1_ntask128.bin.00000023’: Remote I/O error
cp: failed to extend ‘/rcfs/projects/datamesh/tang584/experiments/ior_bench/iortest_50gb/shared/reverse_50gb_testfile_trial1_ntask128.bin.00000023’: Remote I/O error
cp: error writing ‘/rcfs/projects/datamesh/tang584/experiments/ior_bench/iortest_50gb/shared/reverse_50gb_testfile_trial1_ntask128.bin.00000074’: Remote I/O error
cp: failed to extend ‘/rcfs/projects/datamesh/tang584/experiments/ior_bench/iortest_50gb/shared/reverse_50gb_testfile_trial1_ntask128.bin.00000074’: Remote I/O error
cp: error writing ‘/rcfs/projects/datamesh/tang584/experiments/ior_bench/iortest_50gb/shared/reverse_50gb_testfile_trial1_ntask128.bin.00000014’: Remote I/O error
cp: failed to extend ‘/rcfs/projects/datamesh/tang584/experiments/ior_bench/iortest_50gb/shared/reverse_50gb_testfile_trial1_ntask128.bin.00000014’: Remote I/O error
cp: error writing ‘/rcfs/projects/datamesh/tang584/experiments/ior_bench/iortest_50gb/shared/reverse_50gb_testfile_trial1_ntask128.bin.00000013’: Remote I/O error
cp: failed to extend ‘/rcfs/projects/datamesh/tang584/experiments/ior_bench/iortest_50gb/shared/reverse_50gb_testfile_trial1_ntask128.bin.00000013’: Remote I/O error
cp: error writing ‘/rcfs/projects/datamesh/tang584/experiments/ior_bench/iortest_50gb/shared/reverse_50gb_testfile_trial1_ntask128.bin.00000057’: Remote I/O error
cp: failed to extend ‘/rcfs/projects/datamesh/tang584/experiments/ior_bench/iortest_50gb/shared/reverse_50gb_testfile_trial1_ntask128.bin.00000057’: Remote I/O error
cp: error writing ‘/rcfs/projects/datamesh/tang584/experiments/ior_bench/iortest_50gb/shared/reverse_50gb_testfile_trial1_ntask128.bin.00000073’: Remote I/O error
cp: failed to extend ‘/rcfs/projects/datamesh/tang584/experiments/ior_bench/iortest_50gb/shared/reverse_50gb_testfile_trial1_ntask128.bin.00000073’: Remote I/O error
cp: error writing ‘/rcfs/projects/datamesh/tang584/experiments/ior_bench/iortest_50gb/shared/reverse_50gb_testfile_trial1_ntask128.bin.00000048’: Remote I/O error
cp: failed to extend ‘/rcfs/projects/datamesh/tang584/experiments/ior_bench/iortest_50gb/shared/reverse_50gb_testfile_trial1_ntask128.bin.00000048’: Remote I/O error
cp: error writing ‘/rcfs/projects/datamesh/tang584/experiments/ior_bench/iortest_50gb/shared/reverse_50gb_testfile_trial1_ntask128.bin.00000021’: Remote I/O error
cp: failed to extend ‘/rcfs/projects/datamesh/tang584/experiments/ior_bench/iortest_50gb/shared/reverse_50gb_testfile_trial1_ntask128.bin.00000021’: Remote I/O error
cp: error writing ‘/rcfs/projects/datamesh/tang584/experiments/ior_bench/iortest_50gb/shared/reverse_50gb_testfile_trial1_ntask128.bin.00000116’: Remote I/O error
cp: failed to extend ‘/rcfs/projects/datamesh/tang584/experiments/ior_bench/iortest_50gb/shared/reverse_50gb_testfile_trial1_ntask128.bin.00000116’: Remote I/O error
cp: error writing ‘/rcfs/projects/datamesh/tang584/experiments/ior_bench/iortest_50gb/shared/reverse_50gb_testfile_trial1_ntask128.bin.00000006’: Remote I/O error
cp: failed to extend ‘/rcfs/projects/datamesh/tang584/experiments/ior_bench/iortest_50gb/shared/reverse_50gb_testfile_trial1_ntask128.bin.00000006’: Remote I/O error
cp: error writing ‘/rcfs/projects/datamesh/tang584/experiments/ior_bench/iortest_50gb/shared/reverse_50gb_testfile_trial1_ntask128.bin.00000045’: Remote I/O error
cp: failed to extend ‘/rcfs/projects/datamesh/tang584/experiments/ior_bench/iortest_50gb/shared/reverse_50gb_testfile_trial1_ntask128.bin.00000045’: Remote I/O error
cp: error writing ‘/rcfs/projects/datamesh/tang584/experiments/ior_bench/iortest_50gb/shared/reverse_50gb_testfile_trial1_ntask128.bin.00000017’: Remote I/O error
cp: failed to extend ‘/rcfs/projects/datamesh/tang584/experiments/ior_bench/iortest_50gb/shared/reverse_50gb_testfile_trial1_ntask128.bin.00000017’: Remote I/O error
cp: error writing ‘/rcfs/projects/datamesh/tang584/experiments/ior_bench/iortest_50gb/shared/reverse_50gb_testfile_trial1_ntask128.bin.00000097’: Remote I/O error
cp: failed to extend ‘/rcfs/projects/datamesh/tang584/experiments/ior_bench/iortest_50gb/shared/reverse_50gb_testfile_trial1_ntask128.bin.00000097’: Remote I/O error
cp: error writing ‘/rcfs/projects/datamesh/tang584/experiments/ior_bench/iortest_50gb/shared/reverse_50gb_testfile_trial1_ntask128.bin.00000029’: Remote I/O error
cp: failed to extend ‘/rcfs/projects/datamesh/tang584/experiments/ior_bench/iortest_50gb/shared/reverse_50gb_testfile_trial1_ntask128.bin.00000029’: Remote I/O error
cp: error writing ‘/rcfs/projects/datamesh/tang584/experiments/ior_bench/iortest_50gb/shared/reverse_50gb_testfile_trial1_ntask128.bin.00000078’: Remote I/O error
cp: failed to extend ‘/rcfs/projects/datamesh/tang584/experiments/ior_bench/iortest_50gb/shared/reverse_50gb_testfile_trial1_ntask128.bin.00000078’: Remote I/O error
cp: error writing ‘/rcfs/projects/datamesh/tang584/experiments/ior_bench/iortest_50gb/shared/reverse_50gb_testfile_trial1_ntask128.bin.00000087’: Remote I/O error
cp: failed to extend ‘/rcfs/projects/datamesh/tang584/experiments/ior_bench/iortest_50gb/shared/reverse_50gb_testfile_trial1_ntask128.bin.00000087’: Remote I/O error
cp: error writing ‘/rcfs/projects/datamesh/tang584/experiments/ior_bench/iortest_50gb/shared/reverse_50gb_testfile_trial1_ntask128.bin.00000118’: Remote I/O error
cp: failed to extend ‘/rcfs/projects/datamesh/tang584/experiments/ior_bench/iortest_50gb/shared/reverse_50gb_testfile_trial1_ntask128.bin.00000118’: Remote I/O error
cp: error writing ‘/rcfs/projects/datamesh/tang584/experiments/ior_bench/iortest_50gb/shared/reverse_50gb_testfile_trial1_ntask128.bin.00000080’: Remote I/O error
cp: failed to extend ‘/rcfs/projects/datamesh/tang584/experiments/ior_bench/iortest_50gb/shared/reverse_50gb_testfile_trial1_ntask128.bin.00000080’: Remote I/O error
cp: error writing ‘/rcfs/projects/datamesh/tang584/experiments/ior_bench/iortest_50gb/shared/reverse_50gb_testfile_trial1_ntask128.bin.00000012’: Remote I/O error
cp: failed to extend ‘/rcfs/projects/datamesh/tang584/experiments/ior_bench/iortest_50gb/shared/reverse_50gb_testfile_trial1_ntask128.bin.00000012’: Remote I/O error
cp: error writing ‘/rcfs/projects/datamesh/tang584/experiments/ior_bench/iortest_50gb/shared/reverse_50gb_testfile_trial1_ntask128.bin.00000121’cp: error writing ‘/rcfs/projects/datamesh/tang584/experiments/ior_bench/iortest_50gb/shared/reverse_50gb_testfile_trial1_ntask128.bin.00000070’: Remote I/O error
cp: : Remote I/O errorfailed to extend ‘/rcfs/projects/datamesh/tang584/experiments/ior_bench/iortest_50gb/shared/reverse_50gb_testfile_trial1_ntask128.bin.00000121’
: Remote I/O error
cp: failed to extend ‘/rcfs/projects/datamesh/tang584/experiments/ior_bench/iortest_50gb/shared/reverse_50gb_testfile_trial1_ntask128.bin.00000070’: Remote I/O error
cp: error writing ‘/rcfs/projects/datamesh/tang584/experiments/ior_bench/iortest_50gb/shared/reverse_50gb_testfile_trial1_ntask128.bin.00000003’: Remote I/O error
cp: failed to extend ‘/rcfs/projects/datamesh/tang584/experiments/ior_bench/iortest_50gb/shared/reverse_50gb_testfile_trial1_ntask128.bin.00000003’: Remote I/O error
cp: error writing ‘/rcfs/projects/datamesh/tang584/experiments/ior_bench/iortest_50gb/shared/reverse_50gb_testfile_trial1_ntask128.bin.00000093’: Remote I/O error
cp: failed to extend ‘/rcfs/projects/datamesh/tang584/experiments/ior_bench/iortest_50gb/shared/reverse_50gb_testfile_trial1_ntask128.bin.00000093’: Remote I/O error
cp: error writing ‘/rcfs/projects/datamesh/tang584/experiments/ior_bench/iortest_50gb/shared/reverse_50gb_testfile_trial1_ntask128.bin.00000114’: Remote I/O error
cp: failed to extend ‘/rcfs/projects/datamesh/tang584/experiments/ior_bench/iortest_50gb/shared/reverse_50gb_testfile_trial1_ntask128.bin.00000114’: Remote I/O error
cp: error writing ‘/rcfs/projects/datamesh/tang584/experiments/ior_bench/iortest_50gb/shared/reverse_50gb_testfile_trial1_ntask128.bin.00000101’: Remote I/O error
cp: failed to extend ‘/rcfs/projects/datamesh/tang584/experiments/ior_bench/iortest_50gb/shared/reverse_50gb_testfile_trial1_ntask128.bin.00000101’: Remote I/O error
cp: error writing ‘/rcfs/projects/datamesh/tang584/experiments/ior_bench/iortest_50gb/shared/reverse_50gb_testfile_trial1_ntask128.bin.00000125’: Remote I/O error
cp: failed to extend ‘/rcfs/projects/datamesh/tang584/experiments/ior_bench/iortest_50gb/shared/reverse_50gb_testfile_trial1_ntask128.bin.00000125’: Remote I/O error
cp: error writing ‘/rcfs/projects/datamesh/tang584/experiments/ior_bench/iortest_50gb/shared/reverse_50gb_testfile_trial2_ntask2.bin.00000001’cp: : Remote I/O errorerror writing ‘/rcfs/projects/datamesh/tang584/experiments/ior_bench/iortest_50gb/shared/reverse_50gb_testfile_trial2_ntask2.bin.00000000’
cp: failed to extend ‘/rcfs/projects/datamesh/tang584/experiments/ior_bench/iortest_50gb/shared/reverse_50gb_testfile_trial2_ntask2.bin.00000001’: Remote I/O error
: Remote I/O error
cp: failed to extend ‘/rcfs/projects/datamesh/tang584/experiments/ior_bench/iortest_50gb/shared/reverse_50gb_testfile_trial2_ntask2.bin.00000000’: Remote I/O error
cp: error writing ‘/rcfs/projects/datamesh/tang584/experiments/ior_bench/iortest_50gb/shared/reverse_50gb_testfile_trial3_ntask4.bin.00000001’: Remote I/O error
cp: failed to extend ‘/rcfs/projects/datamesh/tang584/experiments/ior_bench/iortest_50gb/shared/reverse_50gb_testfile_trial3_ntask4.bin.00000001’: Remote I/O error
cp: error writing ‘/rcfs/projects/datamesh/tang584/experiments/ior_bench/iortest_50gb/shared/reverse_50gb_testfile_trial3_ntask4.bin.00000002’: Remote I/O error
cp: failed to extend ‘/rcfs/projects/datamesh/tang584/experiments/ior_bench/iortest_50gb/shared/reverse_50gb_testfile_trial3_ntask4.bin.00000002’: Remote I/O error
cp: error writing ‘/rcfs/projects/datamesh/tang584/experiments/ior_bench/iortest_50gb/shared/reverse_50gb_testfile_trial3_ntask4.bin.00000003’: Remote I/O error
cp: failed to extend ‘/rcfs/projects/datamesh/tang584/experiments/ior_bench/iortest_50gb/shared/reverse_50gb_testfile_trial3_ntask4.bin.00000003’: Remote I/O error
cp: error writing ‘/rcfs/projects/datamesh/tang584/experiments/ior_bench/iortest_50gb/shared/reverse_50gb_testfile_trial3_ntask4.bin.00000000’: Remote I/O error
cp: failed to extend ‘/rcfs/projects/datamesh/tang584/experiments/ior_bench/iortest_50gb/shared/reverse_50gb_testfile_trial3_ntask4.bin.00000000’: Remote I/O error
cp: error writing ‘/rcfs/projects/datamesh/tang584/experiments/ior_bench/iortest_50gb/shared/reverse_50gb_testfile_trial3_ntask8.bin.00000001’: Remote I/O error
cp: failed to extend ‘/rcfs/projects/datamesh/tang584/experiments/ior_bench/iortest_50gb/shared/reverse_50gb_testfile_trial3_ntask8.bin.00000001’: Remote I/O error
cp: error writing ‘/rcfs/projects/datamesh/tang584/experiments/ior_bench/iortest_50gb/shared/reverse_50gb_testfile_trial3_ntask8.bin.00000000’: Remote I/O error
cp: failed to extend ‘/rcfs/projects/datamesh/tang584/experiments/ior_bench/iortest_50gb/shared/reverse_50gb_testfile_trial3_ntask8.bin.00000000’: Remote I/O error
cp: error writing ‘/rcfs/projects/datamesh/tang584/experiments/ior_bench/iortest_50gb/shared/reverse_50gb_testfile_trial3_ntask8.bin.00000006’: Remote I/O error
cp: failed to extend ‘/rcfs/projects/datamesh/tang584/experiments/ior_bench/iortest_50gb/shared/reverse_50gb_testfile_trial3_ntask8.bin.00000006’: Remote I/O error
cp: error writing ‘/rcfs/projects/datamesh/tang584/experiments/ior_bench/iortest_50gb/shared/reverse_50gb_testfile_trial3_ntask16.bin.00000013’: Remote I/O error
cp: failed to extend ‘/rcfs/projects/datamesh/tang584/experiments/ior_bench/iortest_50gb/shared/reverse_50gb_testfile_trial3_ntask16.bin.00000013’: Remote I/O error
cp: error writing ‘/rcfs/projects/datamesh/tang584/experiments/ior_bench/iortest_50gb/shared/reverse_50gb_testfile_trial3_ntask16.bin.00000002’: Remote I/O error
cp: failed to extend ‘/rcfs/projects/datamesh/tang584/experiments/ior_bench/iortest_50gb/shared/reverse_50gb_testfile_trial3_ntask16.bin.00000002’: Remote I/O error
cp: error writing ‘/rcfs/projects/datamesh/tang584/experiments/ior_bench/iortest_50gb/shared/reverse_50gb_testfile_trial3_ntask16.bin.00000005’: Remote I/O error
cp: failed to extend ‘/rcfs/projects/datamesh/tang584/experiments/ior_bench/iortest_50gb/shared/reverse_50gb_testfile_trial3_ntask16.bin.00000005’: Remote I/O error
cp: error writing ‘/rcfs/projects/datamesh/tang584/experiments/ior_bench/iortest_50gb/shared/reverse_50gb_testfile_trial3_ntask128.bin.00000067’: Remote I/O error
cp: failed to extend ‘/rcfs/projects/datamesh/tang584/experiments/ior_bench/iortest_50gb/shared/reverse_50gb_testfile_trial3_ntask128.bin.00000067’: Remote I/O error
cp: error writing ‘/rcfs/projects/datamesh/tang584/experiments/ior_bench/iortest_50gb/shared/reverse_50gb_testfile_trial3_ntask128.bin.00000116’: Remote I/O error
cp: failed to extend ‘/rcfs/projects/datamesh/tang584/experiments/ior_bench/iortest_50gb/shared/reverse_50gb_testfile_trial3_ntask128.bin.00000116’: Remote I/O error
cp: error writing ‘/rcfs/projects/datamesh/tang584/experiments/ior_bench/iortest_50gb/shared/reverse_50gb_testfile_trial3_ntask128.bin.00000019’: Remote I/O error
cp: failed to extend ‘/rcfs/projects/datamesh/tang584/experiments/ior_bench/iortest_50gb/shared/reverse_50gb_testfile_trial3_ntask128.bin.00000019’: Remote I/O error
cp: error writing ‘/rcfs/projects/datamesh/tang584/experiments/ior_bench/iortest_50gb/shared/reverse_50gb_testfile_trial3_ntask128.bin.00000105’: Remote I/O error
cp: failed to extend ‘/rcfs/projects/datamesh/tang584/experiments/ior_bench/iortest_50gb/shared/reverse_50gb_testfile_trial3_ntask128.bin.00000105’: Remote I/O error
cp: error writing ‘/rcfs/projects/datamesh/tang584/experiments/ior_bench/iortest_50gb/shared/reverse_50gb_testfile_trial3_ntask128.bin.00000028’: Remote I/O error
cp: cp: failed to extend ‘/rcfs/projects/datamesh/tang584/experiments/ior_bench/iortest_50gb/shared/reverse_50gb_testfile_trial3_ntask128.bin.00000028’: Remote I/O errorerror writing ‘/rcfs/projects/datamesh/tang584/experiments/ior_bench/iortest_50gb/shared/reverse_50gb_testfile_trial3_ntask128.bin.00000110’
cp: error writing ‘/rcfs/projects/datamesh/tang584/experiments/ior_bench/iortest_50gb/shared/reverse_50gb_testfile_trial3_ntask128.bin.00000030’: Remote I/O error
cp: failed to extend ‘/rcfs/projects/datamesh/tang584/experiments/ior_bench/iortest_50gb/shared/reverse_50gb_testfile_trial3_ntask128.bin.00000110’: Remote I/O error
: Remote I/O error
cp: failed to extend ‘/rcfs/projects/datamesh/tang584/experiments/ior_bench/iortest_50gb/shared/reverse_50gb_testfile_trial3_ntask128.bin.00000030’: Remote I/O error
cp: error writing ‘/rcfs/projects/datamesh/tang584/experiments/ior_bench/iortest_50gb/shared/reverse_50gb_testfile_trial3_ntask128.bin.00000042’: Remote I/O error
cp: failed to extend ‘/rcfs/projects/datamesh/tang584/experiments/ior_bench/iortest_50gb/shared/reverse_50gb_testfile_trial3_ntask128.bin.00000042’: Remote I/O error
cp: error writing ‘/rcfs/projects/datamesh/tang584/experiments/ior_bench/iortest_50gb/shared/reverse_50gb_testfile_trial3_ntask128.bin.00000013’: Remote I/O error
cp: failed to extend ‘/rcfs/projects/datamesh/tang584/experiments/ior_bench/iortest_50gb/shared/reverse_50gb_testfile_trial3_ntask128.bin.00000013’: Remote I/O error
cp: error writing ‘/rcfs/projects/datamesh/tang584/experiments/ior_bench/iortest_50gb/shared/reverse_50gb_testfile_trial3_ntask128.bin.00000038’: Remote I/O error
cp: failed to extend ‘/rcfs/projects/datamesh/tang584/experiments/ior_bench/iortest_50gb/shared/reverse_50gb_testfile_trial3_ntask128.bin.00000038’: Remote I/O error
cp: error writing ‘/rcfs/projects/datamesh/tang584/experiments/ior_bench/iortest_50gb/shared/reverse_50gb_testfile_trial3_ntask128.bin.00000083’: Remote I/O error
cp: failed to extend ‘/rcfs/projects/datamesh/tang584/experiments/ior_bench/iortest_50gb/shared/reverse_50gb_testfile_trial3_ntask128.bin.00000083’: Remote I/O error
cp: error writing ‘/rcfs/projects/datamesh/tang584/experiments/ior_bench/iortest_50gb/shared/reverse_50gb_testfile_trial3_ntask128.bin.00000035’cp: error writing ‘/rcfs/projects/datamesh/tang584/experiments/ior_bench/iortest_50gb/shared/reverse_50gb_testfile_trial3_ntask128.bin.00000029’cp: : Remote I/O error: Remote I/O error

error writing ‘/rcfs/projects/datamesh/tang584/experiments/ior_bench/iortest_50gb/shared/reverse_50gb_testfile_trial3_ntask128.bin.00000119’cp: failed to extend ‘/rcfs/projects/datamesh/tang584/experiments/ior_bench/iortest_50gb/shared/reverse_50gb_testfile_trial3_ntask128.bin.00000029’cp: failed to extend ‘/rcfs/projects/datamesh/tang584/experiments/ior_bench/iortest_50gb/shared/reverse_50gb_testfile_trial3_ntask128.bin.00000035’: Remote I/O error: Remote I/O error

cp: error writing ‘/rcfs/projects/datamesh/tang584/experiments/ior_bench/iortest_50gb/shared/reverse_50gb_testfile_trial3_ntask128.bin.00000127’cp: error writing ‘/rcfs/projects/datamesh/tang584/experiments/ior_bench/iortest_50gb/shared/reverse_50gb_testfile_trial3_ntask128.bin.00000066’: Remote I/O error
: Remote I/O error
cp: : Remote I/O errorfailed to extend ‘/rcfs/projects/datamesh/tang584/experiments/ior_bench/iortest_50gb/shared/reverse_50gb_testfile_trial3_ntask128.bin.00000119’cp: 
: Remote I/O errorfailed to extend ‘/rcfs/projects/datamesh/tang584/experiments/ior_bench/iortest_50gb/shared/reverse_50gb_testfile_trial3_ntask128.bin.00000066’
cp: : Remote I/O errorfailed to extend ‘/rcfs/projects/datamesh/tang584/experiments/ior_bench/iortest_50gb/shared/reverse_50gb_testfile_trial3_ntask128.bin.00000127’
: Remote I/O error
cp: error writing ‘/rcfs/projects/datamesh/tang584/experiments/ior_bench/iortest_50gb/shared/reverse_50gb_testfile_trial3_ntask128.bin.00000095’: Remote I/O error
cp: cp: failed to extend ‘/rcfs/projects/datamesh/tang584/experiments/ior_bench/iortest_50gb/shared/reverse_50gb_testfile_trial3_ntask128.bin.00000095’error writing ‘/rcfs/projects/datamesh/tang584/experiments/ior_bench/iortest_50gb/shared/reverse_50gb_testfile_trial3_ntask128.bin.00000018’: Remote I/O error
: Remote I/O error
cp: failed to extend ‘/rcfs/projects/datamesh/tang584/experiments/ior_bench/iortest_50gb/shared/reverse_50gb_testfile_trial3_ntask128.bin.00000018’: Remote I/O error
cp: error writing ‘/rcfs/projects/datamesh/tang584/experiments/ior_bench/iortest_50gb/shared/reverse_50gb_testfile_trial3_ntask128.bin.00000063’: Remote I/O error
cp: failed to extend ‘/rcfs/projects/datamesh/tang584/experiments/ior_bench/iortest_50gb/shared/reverse_50gb_testfile_trial3_ntask128.bin.00000063’: Remote I/O error
cp: error writing ‘/rcfs/projects/datamesh/tang584/experiments/ior_bench/iortest_50gb/shared/reverse_50gb_testfile_trial3_ntask128.bin.00000061’: Remote I/O error
cp: failed to extend ‘/rcfs/projects/datamesh/tang584/experiments/ior_bench/iortest_50gb/shared/reverse_50gb_testfile_trial3_ntask128.bin.00000061’: Remote I/O error
cp: error writing ‘/rcfs/projects/datamesh/tang584/experiments/ior_bench/iortest_50gb/shared/reverse_50gb_testfile_trial3_ntask128.bin.00000016’: Remote I/O error
cp: failed to extend ‘/rcfs/projects/datamesh/tang584/experiments/ior_bench/iortest_50gb/shared/reverse_50gb_testfile_trial3_ntask128.bin.00000016’: Remote I/O error
cp: error writing ‘/rcfs/projects/datamesh/tang584/experiments/ior_bench/iortest_50gb/shared/reverse_50gb_testfile_trial3_ntask128.bin.00000044’cp: error writing ‘/rcfs/projects/datamesh/tang584/experiments/ior_bench/iortest_50gb/shared/reverse_50gb_testfile_trial3_ntask128.bin.00000055’: Remote I/O error
cp: failed to extend ‘/rcfs/projects/datamesh/tang584/experiments/ior_bench/iortest_50gb/shared/reverse_50gb_testfile_trial3_ntask128.bin.00000044’: Remote I/O error
: Remote I/O error
cp: failed to extend ‘/rcfs/projects/datamesh/tang584/experiments/ior_bench/iortest_50gb/shared/reverse_50gb_testfile_trial3_ntask128.bin.00000055’: Remote I/O error
cp: error writing ‘/rcfs/projects/datamesh/tang584/experiments/ior_bench/iortest_50gb/shared/reverse_50gb_testfile_trial3_ntask128.bin.00000097’: Remote I/O error
cp: failed to extend ‘/rcfs/projects/datamesh/tang584/experiments/ior_bench/iortest_50gb/shared/reverse_50gb_testfile_trial3_ntask128.bin.00000097’: Remote I/O error
cp: error writing ‘/rcfs/projects/datamesh/tang584/experiments/ior_bench/iortest_50gb/shared/reverse_50gb_testfile_trial3_ntask128.bin.00000064’: Remote I/O error
cp: failed to extend ‘/rcfs/projects/datamesh/tang584/experiments/ior_bench/iortest_50gb/shared/reverse_50gb_testfile_trial3_ntask128.bin.00000064’: Remote I/O error
cp: error writing ‘/rcfs/projects/datamesh/tang584/experiments/ior_bench/iortest_50gb/shared/reverse_50gb_testfile_trial3_ntask128.bin.00000036’: Remote I/O error
cp: failed to extend ‘/rcfs/projects/datamesh/tang584/experiments/ior_bench/iortest_50gb/shared/reverse_50gb_testfile_trial3_ntask128.bin.00000036’: Remote I/O error
cp: error writing ‘/rcfs/projects/datamesh/tang584/experiments/ior_bench/iortest_50gb/shared/reverse_50gb_testfile_trial3_ntask128.bin.00000092’: Remote I/O error
cp: failed to extend ‘/rcfs/projects/datamesh/tang584/experiments/ior_bench/iortest_50gb/shared/reverse_50gb_testfile_trial3_ntask128.bin.00000092’: Remote I/O error
cp: error writing ‘/rcfs/projects/datamesh/tang584/experiments/ior_bench/iortest_50gb/shared/reverse_50gb_testfile_trial3_ntask128.bin.00000088’: Remote I/O error
cp: failed to extend ‘/rcfs/projects/datamesh/tang584/experiments/ior_bench/iortest_50gb/shared/reverse_50gb_testfile_trial3_ntask128.bin.00000088’: Remote I/O error
cp: error writing ‘/rcfs/projects/datamesh/tang584/experiments/ior_bench/iortest_50gb/shared/reverse_50gb_testfile_trial3_ntask128.bin.00000003’: Remote I/O error
cp: failed to extend ‘/rcfs/projects/datamesh/tang584/experiments/ior_bench/iortest_50gb/shared/reverse_50gb_testfile_trial3_ntask128.bin.00000003’: Remote I/O error
cp: error writing ‘/rcfs/projects/datamesh/tang584/experiments/ior_bench/iortest_50gb/shared/reverse_50gb_testfile_trial3_ntask128.bin.00000084’cp: error writing ‘/rcfs/projects/datamesh/tang584/experiments/ior_bench/iortest_50gb/shared/reverse_50gb_testfile_trial3_ntask128.bin.00000065’: Remote I/O error
cp: failed to extend ‘/rcfs/projects/datamesh/tang584/experiments/ior_bench/iortest_50gb/shared/reverse_50gb_testfile_trial3_ntask128.bin.00000084’: Remote I/O error
: Remote I/O error
cp: failed to extend ‘/rcfs/projects/datamesh/tang584/experiments/ior_bench/iortest_50gb/shared/reverse_50gb_testfile_trial3_ntask128.bin.00000065’: Remote I/O error
cp: error writing ‘/rcfs/projects/datamesh/tang584/experiments/ior_bench/iortest_50gb/shared/reverse_50gb_testfile_trial3_ntask128.bin.00000087’: Remote I/O error
cp: failed to extend ‘/rcfs/projects/datamesh/tang584/experiments/ior_bench/iortest_50gb/shared/reverse_50gb_testfile_trial3_ntask128.bin.00000087’: Remote I/O error
cp: error writing ‘/rcfs/projects/datamesh/tang584/experiments/ior_bench/iortest_50gb/shared/reverse_50gb_testfile_trial3_ntask128.bin.00000009’: Remote I/O error
cp: failed to extend ‘/rcfs/projects/datamesh/tang584/experiments/ior_bench/iortest_50gb/shared/reverse_50gb_testfile_trial3_ntask128.bin.00000009’: Remote I/O error
cp: error writing ‘/rcfs/projects/datamesh/tang584/experiments/ior_bench/iortest_50gb/shared/reverse_50gb_testfile_trial3_ntask128.bin.00000090’: Remote I/O error
cp: failed to extend ‘/rcfs/projects/datamesh/tang584/experiments/ior_bench/iortest_50gb/shared/reverse_50gb_testfile_trial3_ntask128.bin.00000090’: Remote I/O error
cp: error writing ‘/rcfs/projects/datamesh/tang584/experiments/ior_bench/iortest_50gb/shared/reverse_50gb_testfile_trial3_ntask128.bin.00000120’: Remote I/O error
cp: failed to extend ‘/rcfs/projects/datamesh/tang584/experiments/ior_bench/iortest_50gb/shared/reverse_50gb_testfile_trial3_ntask128.bin.00000120’: Remote I/O error
cp: error writing ‘/rcfs/projects/datamesh/tang584/experiments/ior_bench/iortest_50gb/shared/reverse_50gb_testfile_trial3_ntask128.bin.00000031’: Remote I/O error
cp: failed to extend ‘/rcfs/projects/datamesh/tang584/experiments/ior_bench/iortest_50gb/shared/reverse_50gb_testfile_trial3_ntask128.bin.00000031’: Remote I/O error
cp: error writing ‘/rcfs/projects/datamesh/tang584/experiments/ior_bench/iortest_50gb/shared/reverse_50gb_testfile_trial3_ntask128.bin.00000047’: Remote I/O error
cp: failed to extend ‘/rcfs/projects/datamesh/tang584/experiments/ior_bench/iortest_50gb/shared/reverse_50gb_testfile_trial3_ntask128.bin.00000047’: Remote I/O error
cp: error writing ‘/rcfs/projects/datamesh/tang584/experiments/ior_bench/iortest_50gb/shared/reverse_50gb_testfile_trial3_ntask128.bin.00000099’: Remote I/O error
cp: failed to extend ‘/rcfs/projects/datamesh/tang584/experiments/ior_bench/iortest_50gb/shared/reverse_50gb_testfile_trial3_ntask128.bin.00000099’: Remote I/O error
cp: error writing ‘/rcfs/projects/datamesh/tang584/experiments/ior_bench/iortest_50gb/shared/reverse_50gb_testfile_trial3_ntask128.bin.00000017’cp: error writing ‘/rcfs/projects/datamesh/tang584/experiments/ior_bench/iortest_50gb/shared/reverse_50gb_testfile_trial3_ntask128.bin.00000100’: Remote I/O error
cp: failed to extend ‘/rcfs/projects/datamesh/tang584/experiments/ior_bench/iortest_50gb/shared/reverse_50gb_testfile_trial3_ntask128.bin.00000017’: Remote I/O error
: Remote I/O error
cp: failed to extend ‘/rcfs/projects/datamesh/tang584/experiments/ior_bench/iortest_50gb/shared/reverse_50gb_testfile_trial3_ntask128.bin.00000100’: Remote I/O error
cp: error writing ‘/rcfs/projects/datamesh/tang584/experiments/ior_bench/iortest_50gb/shared/reverse_50gb_testfile_trial3_ntask128.bin.00000007’: Remote I/O error
cp: failed to extend ‘/rcfs/projects/datamesh/tang584/experiments/ior_bench/iortest_50gb/shared/reverse_50gb_testfile_trial3_ntask128.bin.00000007’: Remote I/O error
